<?xml version="1.0" encoding="UTF-8"?>
<testsuite xmlns:xsi="http://www.w3.org/2001/XMLSchema-instance" xsi:noNamespaceSchemaLocation="https://maven.apache.org/surefire/maven-surefire-plugin/xsd/surefire-test-report-3.0.xsd" version="3.0" name="com.rafaelgonzalez.usermanagementnew.UsermanagementnewApplicationTests" time="5.123" tests="1" errors="0" skipped="0" failures="0">
  <properties>
[...]
</properties>
  <testcase name="contextLoads" classname="com.rafaelgonzalez.usermanagementnew.UsermanagementnewApplicationTests" time="0.487">
    <system-out><![CDATA[10:39:15.865 [main] INFO org.springframework.test.context.support.AnnotationConfigContextLoaderUtils -- Could not detect default configuration classes for test class [com.rafaelgonzalez.usermanagementnew.UsermanagementnewApplicationTests]: UsermanagementnewApplicationTests does not declare any static, non-private, non-final, nested classes annotated with @Configuration.
10:39:15.966 [main] INFO org.springframework.boot.test.context.SpringBootTestContextBootstrapper -- Found @SpringBootConfiguration com.rafaelgonzalez.usermanagementnew.UsermanagementnewApplication for test class com.rafaelgonzalez.usermanagementnew.UsermanagementnewApplicationTests
10:39:16.145 [main] INFO org.springframework.boot.devtools.restart.RestartApplicationListener -- Restart disabled due to context in which it is running

  .   ____          _            __ _ _
 /\\ / ___'_ __ _ _(_)_ __  __ _ \ \ \ \
( ( )\___ | '_ | '_| | '_ \/ _` | \ \ \ \
 \\/  ___)| |_)| | | | | || (_| |  ) ) ) )
  '  |____| .__|_| |_|_| |_\__, | / / / /
 =========|_|==============|___/=/_/_/_/
 :: Spring Boot ::                (v3.2.4)

2024-04-24T10:39:16.393+02:00  INFO 17208 --- [usermanagementnew] [           main] c.r.u.UsermanagementnewApplicationTests  : Starting UsermanagementnewApplicationTests using Java 17.0.10 with PID 17208 (started by odgon in C:\Users\odgon\OneDrive\Documentos\java_projects\usermanagementnew)
2024-04-24T10:39:16.394+02:00  INFO 17208 --- [usermanagementnew] [           main] c.r.u.UsermanagementnewApplicationTests  : No active profile set, falling back to 1 default profile: "default"
2024-04-24T10:39:16.977+02:00  INFO 17208 --- [usermanagementnew] [           main] .s.d.r.c.RepositoryConfigurationDelegate : Bootstrapping Spring Data JPA repositories in DEFAULT mode.
2024-04-24T10:39:17.047+02:00  INFO 17208 --- [usermanagementnew] [           main] .s.d.r.c.RepositoryConfigurationDelegate : Finished Spring Data repository scanning in 57 ms. Found 1 JPA repository interface.
2024-04-24T10:39:17.528+02:00  INFO 17208 --- [usermanagementnew] [           main] o.hibernate.jpa.internal.util.LogHelper  : HHH000204: Processing PersistenceUnitInfo [name: default]
2024-04-24T10:39:17.621+02:00  INFO 17208 --- [usermanagementnew] [           main] org.hibernate.Version                    : HHH000412: Hibernate ORM core version 6.4.4.Final
2024-04-24T10:39:17.665+02:00  INFO 17208 --- [usermanagementnew] [           main] o.h.c.internal.RegionFactoryInitiator    : HHH000026: Second-level cache disabled
2024-04-24T10:39:17.946+02:00  INFO 17208 --- [usermanagementnew] [           main] o.s.o.j.p.SpringPersistenceUnitInfo      : No LoadTimeWeaver setup: ignoring JPA class transformer
2024-04-24T10:39:17.979+02:00  INFO 17208 --- [usermanagementnew] [           main] com.zaxxer.hikari.HikariDataSource       : HikariPool-1 - Starting...
2024-04-24T10:39:18.132+02:00  INFO 17208 --- [usermanagementnew] [           main] com.zaxxer.hikari.pool.HikariPool        : HikariPool-1 - Added connection com.mysql.cj.jdbc.ConnectionImpl@3b39e79b
2024-04-24T10:39:18.135+02:00  INFO 17208 --- [usermanagementnew] [           main] com.zaxxer.hikari.HikariDataSource       : HikariPool-1 - Start completed.
2024-04-24T10:39:18.195+02:00  WARN 17208 --- [usermanagementnew] [           main] org.hibernate.dialect.Dialect            : HHH000511: The 5.5.0 version for [org.hibernate.dialect.MySQLDialect] is no longer supported, hence certain features may not work properly. The minimum supported version is 8.0.0. Check the community dialects project for available legacy versions.
2024-04-24T10:39:19.089+02:00  INFO 17208 --- [usermanagementnew] [           main] o.h.e.t.j.p.i.JtaPlatformInitiator       : HHH000489: No JTA platform available (set 'hibernate.transaction.jta.platform' to enable JTA platform integration)
2024-04-24T10:39:19.134+02:00  INFO 17208 --- [usermanagementnew] [           main] j.LocalContainerEntityManagerFactoryBean : Initialized JPA EntityManagerFactory for persistence unit 'default'
2024-04-24T10:39:19.623+02:00  WARN 17208 --- [usermanagementnew] [           main] JpaBaseConfiguration$JpaWebConfiguration : spring.jpa.open-in-view is enabled by default. Therefore, database queries may be performed during view rendering. Explicitly configure spring.jpa.open-in-view to disable this warning
2024-04-24T10:39:19.993+02:00  INFO 17208 --- [usermanagementnew] [           main] o.s.s.web.DefaultSecurityFilterChain     : Will secure any request with [org.springframework.security.web.session.DisableEncodeUrlFilter@5003c114, org.springframework.security.web.context.request.async.WebAsyncManagerIntegrationFilter@6e4bccc, org.springframework.security.web.context.SecurityContextHolderFilter@1e6e29d6, org.springframework.security.web.header.HeaderWriterFilter@3c717ef2, org.springframework.web.filter.CorsFilter@2487b621, org.springframework.security.web.authentication.logout.LogoutFilter@2dc77962, com.rafaelgonzalez.usermanagementnew.config.JWTAuthFilter@4853f592, org.springframework.security.web.savedrequest.RequestCacheAwareFilter@5afa0b1a, org.springframework.security.web.servletapi.SecurityContextHolderAwareRequestFilter@3d9cba2, org.springframework.security.web.authentication.AnonymousAuthenticationFilter@3d2ff73a, org.springframework.security.web.session.SessionManagementFilter@544733a4, org.springframework.security.web.access.ExceptionTranslationFilter@73e63b4d, org.springframework.security.web.access.intercept.AuthorizationFilter@5f01361e]
2024-04-24T10:39:20.341+02:00  INFO 17208 --- [usermanagementnew] [           main] c.r.u.UsermanagementnewApplicationTests  : Started UsermanagementnewApplicationTests in 4.209 seconds (process running for 5.135)
]]></system-out>
  </testcase>
</testsuite>